[2022-02-01 09:43:27] local.ERROR: Command "serve" is not defined. {"exception":"[object] (Symfony\\Component\\Console\\Exception\\CommandNotFoundException(code: 0): Command \"serve\" is not defined. at /Applications/MAMP/htdocs/flip2/vendor/symfony/console/Application.php:709)
[stacktrace]
#0 /Applications/MAMP/htdocs/flip2/vendor/symfony/console/Application.php(259): Symfony\\Component\\Console\\Application->find('serve')
#1 /Applications/MAMP/htdocs/flip2/vendor/symfony/console/Application.php(171): Symfony\\Component\\Console\\Application->doRun(Object(Symfony\\Component\\Console\\Input\\ArgvInput), Object(Symfony\\Component\\Console\\Output\\ConsoleOutput))
#2 /Applications/MAMP/htdocs/flip2/vendor/illuminate/console/Application.php(94): Symfony\\Component\\Console\\Application->run(Object(Symfony\\Component\\Console\\Input\\ArgvInput), Object(Symfony\\Component\\Console\\Output\\ConsoleOutput))
#3 /Applications/MAMP/htdocs/flip2/vendor/laravel/lumen-framework/src/Console/Kernel.php(116): Illuminate\\Console\\Application->run(Object(Symfony\\Component\\Console\\Input\\ArgvInput), Object(Symfony\\Component\\Console\\Output\\ConsoleOutput))
#4 /Applications/MAMP/htdocs/flip2/artisan(35): Laravel\\Lumen\\Console\\Kernel->handle(Object(Symfony\\Component\\Console\\Input\\ArgvInput), Object(Symfony\\Component\\Console\\Output\\ConsoleOutput))
#5 {main}
"} 
[2022-02-01 09:44:24] local.ERROR: Command "serve" is not defined. {"exception":"[object] (Symfony\\Component\\Console\\Exception\\CommandNotFoundException(code: 0): Command \"serve\" is not defined. at /Applications/MAMP/htdocs/flip2/vendor/symfony/console/Application.php:709)
[stacktrace]
#0 /Applications/MAMP/htdocs/flip2/vendor/symfony/console/Application.php(259): Symfony\\Component\\Console\\Application->find('serve')
#1 /Applications/MAMP/htdocs/flip2/vendor/symfony/console/Application.php(171): Symfony\\Component\\Console\\Application->doRun(Object(Symfony\\Component\\Console\\Input\\ArgvInput), Object(Symfony\\Component\\Console\\Output\\ConsoleOutput))
#2 /Applications/MAMP/htdocs/flip2/vendor/illuminate/console/Application.php(94): Symfony\\Component\\Console\\Application->run(Object(Symfony\\Component\\Console\\Input\\ArgvInput), Object(Symfony\\Component\\Console\\Output\\ConsoleOutput))
#3 /Applications/MAMP/htdocs/flip2/vendor/laravel/lumen-framework/src/Console/Kernel.php(116): Illuminate\\Console\\Application->run(Object(Symfony\\Component\\Console\\Input\\ArgvInput), Object(Symfony\\Component\\Console\\Output\\ConsoleOutput))
#4 /Applications/MAMP/htdocs/flip2/artisan(35): Laravel\\Lumen\\Console\\Kernel->handle(Object(Symfony\\Component\\Console\\Input\\ArgvInput), Object(Symfony\\Component\\Console\\Output\\ConsoleOutput))
#5 {main}
"} 
[2022-02-01 09:45:38] local.ERROR: Undefined variable: route {"exception":"[object] (ErrorException(code: 0): Undefined variable: route at /Applications/MAMP/htdocs/flip2/routes/web.php:19)
[stacktrace]
#0 /Applications/MAMP/htdocs/flip2/vendor/laravel/lumen-framework/src/Concerns/RegistersExceptionHandlers.php(47): Laravel\\Lumen\\Application->handleError(8, 'Undefined varia...', '/Applications/M...', 19)
#1 /Applications/MAMP/htdocs/flip2/routes/web.php(19): Laravel\\Lumen\\Application->Laravel\\Lumen\\Concerns\\{closure}(8, 'Undefined varia...', '/Applications/M...', 19, Array)
#2 /Applications/MAMP/htdocs/flip2/bootstrap/app.php(113): require('/Applications/M...')
#3 /Applications/MAMP/htdocs/flip2/vendor/laravel/lumen-framework/src/Routing/Router.php(62): {closure}(Object(Laravel\\Lumen\\Routing\\Router))
#4 /Applications/MAMP/htdocs/flip2/bootstrap/app.php(114): Laravel\\Lumen\\Routing\\Router->group(Array, Object(Closure))
#5 /Applications/MAMP/htdocs/flip2/public/index.php(14): require('/Applications/M...')
#6 {main}
"} 
[2022-02-01 09:45:52] local.ERROR: Class 'App\Http\Controller\Controller' not found {"exception":"[object] (Error(code: 0): Class 'App\\Http\\Controller\\Controller' not found at /Applications/MAMP/htdocs/flip2/app/Http/Controllers/UserController.php:7)
[stacktrace]
#0 /Applications/MAMP/htdocs/flip2/vendor/composer/ClassLoader.php(444): include()
#1 /Applications/MAMP/htdocs/flip2/vendor/composer/ClassLoader.php(322): Composer\\Autoload\\includeFile('/Applications/M...')
#2 [internal function]: Composer\\Autoload\\ClassLoader->loadClass('App\\\\Http\\\\Contro...')
#3 [internal function]: spl_autoload_call('App\\\\Http\\\\Contro...')
#4 /Applications/MAMP/htdocs/flip2/vendor/illuminate/container/Container.php(877): ReflectionClass->__construct('App\\\\Http\\\\Contro...')
#5 /Applications/MAMP/htdocs/flip2/vendor/illuminate/container/Container.php(758): Illuminate\\Container\\Container->build('App\\\\Http\\\\Contro...')
#6 /Applications/MAMP/htdocs/flip2/vendor/illuminate/container/Container.php(694): Illuminate\\Container\\Container->resolve('App\\\\Http\\\\Contro...', Array)
#7 /Applications/MAMP/htdocs/flip2/vendor/laravel/lumen-framework/src/Application.php(300): Illuminate\\Container\\Container->make('App\\\\Http\\\\Contro...', Array)
#8 /Applications/MAMP/htdocs/flip2/vendor/laravel/lumen-framework/src/Concerns/RoutesRequests.php(324): Laravel\\Lumen\\Application->make('App\\\\Http\\\\Contro...')
#9 /Applications/MAMP/htdocs/flip2/vendor/laravel/lumen-framework/src/Concerns/RoutesRequests.php(282): Laravel\\Lumen\\Application->callControllerAction(Array)
#10 /Applications/MAMP/htdocs/flip2/vendor/laravel/lumen-framework/src/Concerns/RoutesRequests.php(267): Laravel\\Lumen\\Application->callActionOnArrayBasedRoute(Array)
#11 /Applications/MAMP/htdocs/flip2/vendor/laravel/lumen-framework/src/Concerns/RoutesRequests.php(169): Laravel\\Lumen\\Application->handleFoundRoute(Array)
#12 /Applications/MAMP/htdocs/flip2/vendor/laravel/lumen-framework/src/Concerns/RoutesRequests.php(429): Laravel\\Lumen\\Application->Laravel\\Lumen\\Concerns\\{closure}(Object(Laravel\\Lumen\\Http\\Request))
#13 /Applications/MAMP/htdocs/flip2/vendor/laravel/lumen-framework/src/Concerns/RoutesRequests.php(175): Laravel\\Lumen\\Application->sendThroughPipeline(Array, Object(Closure))
#14 /Applications/MAMP/htdocs/flip2/vendor/laravel/lumen-framework/src/Concerns/RoutesRequests.php(112): Laravel\\Lumen\\Application->dispatch(NULL)
#15 /Applications/MAMP/htdocs/flip2/public/index.php(28): Laravel\\Lumen\\Application->run()
#16 {main}
"} 
[2022-02-01 09:46:24] local.ERROR: Class 'App\Http\Controllers\Post' not found {"exception":"[object] (Error(code: 0): Class 'App\\Http\\Controllers\\Post' not found at /Applications/MAMP/htdocs/flip2/app/Http/Controllers/UserController.php:11)
[stacktrace]
#0 /Applications/MAMP/htdocs/flip2/vendor/illuminate/container/BoundMethod.php(36): App\\Http\\Controllers\\UserController->index()
#1 /Applications/MAMP/htdocs/flip2/vendor/illuminate/container/Util.php(40): Illuminate\\Container\\BoundMethod::Illuminate\\Container\\{closure}()
#2 /Applications/MAMP/htdocs/flip2/vendor/illuminate/container/BoundMethod.php(93): Illuminate\\Container\\Util::unwrapIfClosure(Object(Closure))
#3 /Applications/MAMP/htdocs/flip2/vendor/illuminate/container/BoundMethod.php(37): Illuminate\\Container\\BoundMethod::callBoundMethod(Object(Laravel\\Lumen\\Application), Array, Object(Closure))
#4 /Applications/MAMP/htdocs/flip2/vendor/illuminate/container/Container.php(653): Illuminate\\Container\\BoundMethod::call(Object(Laravel\\Lumen\\Application), Array, Array, NULL)
#5 /Applications/MAMP/htdocs/flip2/vendor/laravel/lumen-framework/src/Concerns/RoutesRequests.php(389): Illuminate\\Container\\Container->call(Array, Array)
#6 /Applications/MAMP/htdocs/flip2/vendor/laravel/lumen-framework/src/Concerns/RoutesRequests.php(355): Laravel\\Lumen\\Application->callControllerCallable(Array, Array)
#7 /Applications/MAMP/htdocs/flip2/vendor/laravel/lumen-framework/src/Concerns/RoutesRequests.php(329): Laravel\\Lumen\\Application->callLumenController(Object(App\\Http\\Controllers\\UserController), 'index', Array)
#8 /Applications/MAMP/htdocs/flip2/vendor/laravel/lumen-framework/src/Concerns/RoutesRequests.php(282): Laravel\\Lumen\\Application->callControllerAction(Array)
#9 /Applications/MAMP/htdocs/flip2/vendor/laravel/lumen-framework/src/Concerns/RoutesRequests.php(267): Laravel\\Lumen\\Application->callActionOnArrayBasedRoute(Array)
#10 /Applications/MAMP/htdocs/flip2/vendor/laravel/lumen-framework/src/Concerns/RoutesRequests.php(169): Laravel\\Lumen\\Application->handleFoundRoute(Array)
#11 /Applications/MAMP/htdocs/flip2/vendor/laravel/lumen-framework/src/Concerns/RoutesRequests.php(429): Laravel\\Lumen\\Application->Laravel\\Lumen\\Concerns\\{closure}(Object(Laravel\\Lumen\\Http\\Request))
#12 /Applications/MAMP/htdocs/flip2/vendor/laravel/lumen-framework/src/Concerns/RoutesRequests.php(175): Laravel\\Lumen\\Application->sendThroughPipeline(Array, Object(Closure))
#13 /Applications/MAMP/htdocs/flip2/vendor/laravel/lumen-framework/src/Concerns/RoutesRequests.php(112): Laravel\\Lumen\\Application->dispatch(NULL)
#14 /Applications/MAMP/htdocs/flip2/public/index.php(28): Laravel\\Lumen\\Application->run()
#15 {main}
"} 
[2022-02-01 09:47:18] local.ERROR: Call to a member function connection() on null {"exception":"[object] (Error(code: 0): Call to a member function connection() on null at /Applications/MAMP/htdocs/flip2/vendor/illuminate/database/Eloquent/Model.php:1653)
[stacktrace]
#0 /Applications/MAMP/htdocs/flip2/vendor/illuminate/database/Eloquent/Model.php(1619): Illuminate\\Database\\Eloquent\\Model::resolveConnection(NULL)
#1 /Applications/MAMP/htdocs/flip2/vendor/illuminate/database/Eloquent/Model.php(1425): Illuminate\\Database\\Eloquent\\Model->getConnection()
#2 /Applications/MAMP/htdocs/flip2/vendor/illuminate/database/Eloquent/Model.php(1342): Illuminate\\Database\\Eloquent\\Model->newBaseQueryBuilder()
#3 /Applications/MAMP/htdocs/flip2/vendor/illuminate/database/Eloquent/Model.php(1378): Illuminate\\Database\\Eloquent\\Model->newModelQuery()
#4 /Applications/MAMP/htdocs/flip2/vendor/illuminate/database/Eloquent/Model.php(1331): Illuminate\\Database\\Eloquent\\Model->newQueryWithoutScopes()
#5 /Applications/MAMP/htdocs/flip2/vendor/illuminate/database/Eloquent/Model.php(2132): Illuminate\\Database\\Eloquent\\Model->newQuery()
#6 /Applications/MAMP/htdocs/flip2/vendor/illuminate/database/Eloquent/Model.php(2144): Illuminate\\Database\\Eloquent\\Model->__call('OrderBy', Array)
#7 /Applications/MAMP/htdocs/flip2/app/Http/Controllers/UserController.php(11): Illuminate\\Database\\Eloquent\\Model::__callStatic('OrderBy', Array)
#8 /Applications/MAMP/htdocs/flip2/vendor/illuminate/container/BoundMethod.php(36): App\\Http\\Controllers\\UserController->index()
#9 /Applications/MAMP/htdocs/flip2/vendor/illuminate/container/Util.php(40): Illuminate\\Container\\BoundMethod::Illuminate\\Container\\{closure}()
#10 /Applications/MAMP/htdocs/flip2/vendor/illuminate/container/BoundMethod.php(93): Illuminate\\Container\\Util::unwrapIfClosure(Object(Closure))
#11 /Applications/MAMP/htdocs/flip2/vendor/illuminate/container/BoundMethod.php(37): Illuminate\\Container\\BoundMethod::callBoundMethod(Object(Laravel\\Lumen\\Application), Array, Object(Closure))
#12 /Applications/MAMP/htdocs/flip2/vendor/illuminate/container/Container.php(653): Illuminate\\Container\\BoundMethod::call(Object(Laravel\\Lumen\\Application), Array, Array, NULL)
#13 /Applications/MAMP/htdocs/flip2/vendor/laravel/lumen-framework/src/Concerns/RoutesRequests.php(389): Illuminate\\Container\\Container->call(Array, Array)
#14 /Applications/MAMP/htdocs/flip2/vendor/laravel/lumen-framework/src/Concerns/RoutesRequests.php(355): Laravel\\Lumen\\Application->callControllerCallable(Array, Array)
#15 /Applications/MAMP/htdocs/flip2/vendor/laravel/lumen-framework/src/Concerns/RoutesRequests.php(329): Laravel\\Lumen\\Application->callLumenController(Object(App\\Http\\Controllers\\UserController), 'index', Array)
#16 /Applications/MAMP/htdocs/flip2/vendor/laravel/lumen-framework/src/Concerns/RoutesRequests.php(282): Laravel\\Lumen\\Application->callControllerAction(Array)
#17 /Applications/MAMP/htdocs/flip2/vendor/laravel/lumen-framework/src/Concerns/RoutesRequests.php(267): Laravel\\Lumen\\Application->callActionOnArrayBasedRoute(Array)
#18 /Applications/MAMP/htdocs/flip2/vendor/laravel/lumen-framework/src/Concerns/RoutesRequests.php(169): Laravel\\Lumen\\Application->handleFoundRoute(Array)
#19 /Applications/MAMP/htdocs/flip2/vendor/laravel/lumen-framework/src/Concerns/RoutesRequests.php(429): Laravel\\Lumen\\Application->Laravel\\Lumen\\Concerns\\{closure}(Object(Laravel\\Lumen\\Http\\Request))
#20 /Applications/MAMP/htdocs/flip2/vendor/laravel/lumen-framework/src/Concerns/RoutesRequests.php(175): Laravel\\Lumen\\Application->sendThroughPipeline(Array, Object(Closure))
#21 /Applications/MAMP/htdocs/flip2/vendor/laravel/lumen-framework/src/Concerns/RoutesRequests.php(112): Laravel\\Lumen\\Application->dispatch(NULL)
#22 /Applications/MAMP/htdocs/flip2/public/index.php(28): Laravel\\Lumen\\Application->run()
#23 {main}
"} 
[2022-02-01 09:47:19] local.ERROR: Call to a member function connection() on null {"exception":"[object] (Error(code: 0): Call to a member function connection() on null at /Applications/MAMP/htdocs/flip2/vendor/illuminate/database/Eloquent/Model.php:1653)
[stacktrace]
#0 /Applications/MAMP/htdocs/flip2/vendor/illuminate/database/Eloquent/Model.php(1619): Illuminate\\Database\\Eloquent\\Model::resolveConnection(NULL)
#1 /Applications/MAMP/htdocs/flip2/vendor/illuminate/database/Eloquent/Model.php(1425): Illuminate\\Database\\Eloquent\\Model->getConnection()
#2 /Applications/MAMP/htdocs/flip2/vendor/illuminate/database/Eloquent/Model.php(1342): Illuminate\\Database\\Eloquent\\Model->newBaseQueryBuilder()
#3 /Applications/MAMP/htdocs/flip2/vendor/illuminate/database/Eloquent/Model.php(1378): Illuminate\\Database\\Eloquent\\Model->newModelQuery()
#4 /Applications/MAMP/htdocs/flip2/vendor/illuminate/database/Eloquent/Model.php(1331): Illuminate\\Database\\Eloquent\\Model->newQueryWithoutScopes()
#5 /Applications/MAMP/htdocs/flip2/vendor/illuminate/database/Eloquent/Model.php(2132): Illuminate\\Database\\Eloquent\\Model->newQuery()
#6 /Applications/MAMP/htdocs/flip2/vendor/illuminate/database/Eloquent/Model.php(2144): Illuminate\\Database\\Eloquent\\Model->__call('OrderBy', Array)
#7 /Applications/MAMP/htdocs/flip2/app/Http/Controllers/UserController.php(11): Illuminate\\Database\\Eloquent\\Model::__callStatic('OrderBy', Array)
#8 /Applications/MAMP/htdocs/flip2/vendor/illuminate/container/BoundMethod.php(36): App\\Http\\Controllers\\UserController->index()
#9 /Applications/MAMP/htdocs/flip2/vendor/illuminate/container/Util.php(40): Illuminate\\Container\\BoundMethod::Illuminate\\Container\\{closure}()
#10 /Applications/MAMP/htdocs/flip2/vendor/illuminate/container/BoundMethod.php(93): Illuminate\\Container\\Util::unwrapIfClosure(Object(Closure))
#11 /Applications/MAMP/htdocs/flip2/vendor/illuminate/container/BoundMethod.php(37): Illuminate\\Container\\BoundMethod::callBoundMethod(Object(Laravel\\Lumen\\Application), Array, Object(Closure))
#12 /Applications/MAMP/htdocs/flip2/vendor/illuminate/container/Container.php(653): Illuminate\\Container\\BoundMethod::call(Object(Laravel\\Lumen\\Application), Array, Array, NULL)
#13 /Applications/MAMP/htdocs/flip2/vendor/laravel/lumen-framework/src/Concerns/RoutesRequests.php(389): Illuminate\\Container\\Container->call(Array, Array)
#14 /Applications/MAMP/htdocs/flip2/vendor/laravel/lumen-framework/src/Concerns/RoutesRequests.php(355): Laravel\\Lumen\\Application->callControllerCallable(Array, Array)
#15 /Applications/MAMP/htdocs/flip2/vendor/laravel/lumen-framework/src/Concerns/RoutesRequests.php(329): Laravel\\Lumen\\Application->callLumenController(Object(App\\Http\\Controllers\\UserController), 'index', Array)
#16 /Applications/MAMP/htdocs/flip2/vendor/laravel/lumen-framework/src/Concerns/RoutesRequests.php(282): Laravel\\Lumen\\Application->callControllerAction(Array)
#17 /Applications/MAMP/htdocs/flip2/vendor/laravel/lumen-framework/src/Concerns/RoutesRequests.php(267): Laravel\\Lumen\\Application->callActionOnArrayBasedRoute(Array)
#18 /Applications/MAMP/htdocs/flip2/vendor/laravel/lumen-framework/src/Concerns/RoutesRequests.php(169): Laravel\\Lumen\\Application->handleFoundRoute(Array)
#19 /Applications/MAMP/htdocs/flip2/vendor/laravel/lumen-framework/src/Concerns/RoutesRequests.php(429): Laravel\\Lumen\\Application->Laravel\\Lumen\\Concerns\\{closure}(Object(Laravel\\Lumen\\Http\\Request))
#20 /Applications/MAMP/htdocs/flip2/vendor/laravel/lumen-framework/src/Concerns/RoutesRequests.php(175): Laravel\\Lumen\\Application->sendThroughPipeline(Array, Object(Closure))
#21 /Applications/MAMP/htdocs/flip2/vendor/laravel/lumen-framework/src/Concerns/RoutesRequests.php(112): Laravel\\Lumen\\Application->dispatch(NULL)
#22 /Applications/MAMP/htdocs/flip2/public/index.php(28): Laravel\\Lumen\\Application->run()
#23 {main}
"} 
[2022-02-01 12:13:14] local.ERROR: Class 'App\Http\Controllers\users' not found {"exception":"[object] (Error(code: 0): Class 'App\\Http\\Controllers\\users' not found at /Applications/MAMP/htdocs/flip2/app/Http/Controllers/UserController.php:11)
[stacktrace]
#0 /Applications/MAMP/htdocs/flip2/vendor/illuminate/container/BoundMethod.php(36): App\\Http\\Controllers\\UserController->index()
#1 /Applications/MAMP/htdocs/flip2/vendor/illuminate/container/Util.php(40): Illuminate\\Container\\BoundMethod::Illuminate\\Container\\{closure}()
#2 /Applications/MAMP/htdocs/flip2/vendor/illuminate/container/BoundMethod.php(93): Illuminate\\Container\\Util::unwrapIfClosure(Object(Closure))
#3 /Applications/MAMP/htdocs/flip2/vendor/illuminate/container/BoundMethod.php(37): Illuminate\\Container\\BoundMethod::callBoundMethod(Object(Laravel\\Lumen\\Application), Array, Object(Closure))
#4 /Applications/MAMP/htdocs/flip2/vendor/illuminate/container/Container.php(653): Illuminate\\Container\\BoundMethod::call(Object(Laravel\\Lumen\\Application), Array, Array, NULL)
#5 /Applications/MAMP/htdocs/flip2/vendor/laravel/lumen-framework/src/Concerns/RoutesRequests.php(389): Illuminate\\Container\\Container->call(Array, Array)
#6 /Applications/MAMP/htdocs/flip2/vendor/laravel/lumen-framework/src/Concerns/RoutesRequests.php(355): Laravel\\Lumen\\Application->callControllerCallable(Array, Array)
#7 /Applications/MAMP/htdocs/flip2/vendor/laravel/lumen-framework/src/Concerns/RoutesRequests.php(329): Laravel\\Lumen\\Application->callLumenController(Object(App\\Http\\Controllers\\UserController), 'index', Array)
#8 /Applications/MAMP/htdocs/flip2/vendor/laravel/lumen-framework/src/Concerns/RoutesRequests.php(282): Laravel\\Lumen\\Application->callControllerAction(Array)
#9 /Applications/MAMP/htdocs/flip2/vendor/laravel/lumen-framework/src/Concerns/RoutesRequests.php(267): Laravel\\Lumen\\Application->callActionOnArrayBasedRoute(Array)
#10 /Applications/MAMP/htdocs/flip2/vendor/laravel/lumen-framework/src/Concerns/RoutesRequests.php(169): Laravel\\Lumen\\Application->handleFoundRoute(Array)
#11 /Applications/MAMP/htdocs/flip2/vendor/laravel/lumen-framework/src/Concerns/RoutesRequests.php(429): Laravel\\Lumen\\Application->Laravel\\Lumen\\Concerns\\{closure}(Object(Laravel\\Lumen\\Http\\Request))
#12 /Applications/MAMP/htdocs/flip2/vendor/laravel/lumen-framework/src/Concerns/RoutesRequests.php(175): Laravel\\Lumen\\Application->sendThroughPipeline(Array, Object(Closure))
#13 /Applications/MAMP/htdocs/flip2/vendor/laravel/lumen-framework/src/Concerns/RoutesRequests.php(112): Laravel\\Lumen\\Application->dispatch(NULL)
#14 /Applications/MAMP/htdocs/flip2/public/index.php(28): Laravel\\Lumen\\Application->run()
#15 {main}
"} 
[2022-02-01 12:17:38] local.ERROR: Class 'App\Http\Controllers\Post' not found {"exception":"[object] (Error(code: 0): Class 'App\\Http\\Controllers\\Post' not found at /Applications/MAMP/htdocs/flip2/app/Http/Controllers/UserController.php:11)
[stacktrace]
#0 /Applications/MAMP/htdocs/flip2/vendor/illuminate/container/BoundMethod.php(36): App\\Http\\Controllers\\UserController->index()
#1 /Applications/MAMP/htdocs/flip2/vendor/illuminate/container/Util.php(40): Illuminate\\Container\\BoundMethod::Illuminate\\Container\\{closure}()
#2 /Applications/MAMP/htdocs/flip2/vendor/illuminate/container/BoundMethod.php(93): Illuminate\\Container\\Util::unwrapIfClosure(Object(Closure))
#3 /Applications/MAMP/htdocs/flip2/vendor/illuminate/container/BoundMethod.php(37): Illuminate\\Container\\BoundMethod::callBoundMethod(Object(Laravel\\Lumen\\Application), Array, Object(Closure))
#4 /Applications/MAMP/htdocs/flip2/vendor/illuminate/container/Container.php(653): Illuminate\\Container\\BoundMethod::call(Object(Laravel\\Lumen\\Application), Array, Array, NULL)
#5 /Applications/MAMP/htdocs/flip2/vendor/laravel/lumen-framework/src/Concerns/RoutesRequests.php(389): Illuminate\\Container\\Container->call(Array, Array)
#6 /Applications/MAMP/htdocs/flip2/vendor/laravel/lumen-framework/src/Concerns/RoutesRequests.php(355): Laravel\\Lumen\\Application->callControllerCallable(Array, Array)
#7 /Applications/MAMP/htdocs/flip2/vendor/laravel/lumen-framework/src/Concerns/RoutesRequests.php(329): Laravel\\Lumen\\Application->callLumenController(Object(App\\Http\\Controllers\\UserController), 'index', Array)
#8 /Applications/MAMP/htdocs/flip2/vendor/laravel/lumen-framework/src/Concerns/RoutesRequests.php(282): Laravel\\Lumen\\Application->callControllerAction(Array)
#9 /Applications/MAMP/htdocs/flip2/vendor/laravel/lumen-framework/src/Concerns/RoutesRequests.php(267): Laravel\\Lumen\\Application->callActionOnArrayBasedRoute(Array)
#10 /Applications/MAMP/htdocs/flip2/vendor/laravel/lumen-framework/src/Concerns/RoutesRequests.php(169): Laravel\\Lumen\\Application->handleFoundRoute(Array)
#11 /Applications/MAMP/htdocs/flip2/vendor/laravel/lumen-framework/src/Concerns/RoutesRequests.php(429): Laravel\\Lumen\\Application->Laravel\\Lumen\\Concerns\\{closure}(Object(Laravel\\Lumen\\Http\\Request))
#12 /Applications/MAMP/htdocs/flip2/vendor/laravel/lumen-framework/src/Concerns/RoutesRequests.php(175): Laravel\\Lumen\\Application->sendThroughPipeline(Array, Object(Closure))
#13 /Applications/MAMP/htdocs/flip2/vendor/laravel/lumen-framework/src/Concerns/RoutesRequests.php(112): Laravel\\Lumen\\Application->dispatch(NULL)
#14 /Applications/MAMP/htdocs/flip2/public/index.php(28): Laravel\\Lumen\\Application->run()
#15 {main}
"} 
[2022-02-01 12:18:52] local.ERROR: Class 'App\Http\Controllers\Post' not found {"exception":"[object] (Error(code: 0): Class 'App\\Http\\Controllers\\Post' not found at /Applications/MAMP/htdocs/flip2/app/Http/Controllers/UserController.php:11)
[stacktrace]
#0 /Applications/MAMP/htdocs/flip2/vendor/illuminate/container/BoundMethod.php(36): App\\Http\\Controllers\\UserController->index()
#1 /Applications/MAMP/htdocs/flip2/vendor/illuminate/container/Util.php(40): Illuminate\\Container\\BoundMethod::Illuminate\\Container\\{closure}()
#2 /Applications/MAMP/htdocs/flip2/vendor/illuminate/container/BoundMethod.php(93): Illuminate\\Container\\Util::unwrapIfClosure(Object(Closure))
#3 /Applications/MAMP/htdocs/flip2/vendor/illuminate/container/BoundMethod.php(37): Illuminate\\Container\\BoundMethod::callBoundMethod(Object(Laravel\\Lumen\\Application), Array, Object(Closure))
#4 /Applications/MAMP/htdocs/flip2/vendor/illuminate/container/Container.php(653): Illuminate\\Container\\BoundMethod::call(Object(Laravel\\Lumen\\Application), Array, Array, NULL)
#5 /Applications/MAMP/htdocs/flip2/vendor/laravel/lumen-framework/src/Concerns/RoutesRequests.php(389): Illuminate\\Container\\Container->call(Array, Array)
#6 /Applications/MAMP/htdocs/flip2/vendor/laravel/lumen-framework/src/Concerns/RoutesRequests.php(355): Laravel\\Lumen\\Application->callControllerCallable(Array, Array)
#7 /Applications/MAMP/htdocs/flip2/vendor/laravel/lumen-framework/src/Concerns/RoutesRequests.php(329): Laravel\\Lumen\\Application->callLumenController(Object(App\\Http\\Controllers\\UserController), 'index', Array)
#8 /Applications/MAMP/htdocs/flip2/vendor/laravel/lumen-framework/src/Concerns/RoutesRequests.php(282): Laravel\\Lumen\\Application->callControllerAction(Array)
#9 /Applications/MAMP/htdocs/flip2/vendor/laravel/lumen-framework/src/Concerns/RoutesRequests.php(267): Laravel\\Lumen\\Application->callActionOnArrayBasedRoute(Array)
#10 /Applications/MAMP/htdocs/flip2/vendor/laravel/lumen-framework/src/Concerns/RoutesRequests.php(169): Laravel\\Lumen\\Application->handleFoundRoute(Array)
#11 /Applications/MAMP/htdocs/flip2/vendor/laravel/lumen-framework/src/Concerns/RoutesRequests.php(429): Laravel\\Lumen\\Application->Laravel\\Lumen\\Concerns\\{closure}(Object(Laravel\\Lumen\\Http\\Request))
#12 /Applications/MAMP/htdocs/flip2/vendor/laravel/lumen-framework/src/Concerns/RoutesRequests.php(175): Laravel\\Lumen\\Application->sendThroughPipeline(Array, Object(Closure))
#13 /Applications/MAMP/htdocs/flip2/vendor/laravel/lumen-framework/src/Concerns/RoutesRequests.php(112): Laravel\\Lumen\\Application->dispatch(NULL)
#14 /Applications/MAMP/htdocs/flip2/public/index.php(28): Laravel\\Lumen\\Application->run()
#15 {main}
"} 
[2022-02-01 12:18:53] local.ERROR: Class 'App\Http\Controllers\Post' not found {"exception":"[object] (Error(code: 0): Class 'App\\Http\\Controllers\\Post' not found at /Applications/MAMP/htdocs/flip2/app/Http/Controllers/UserController.php:11)
[stacktrace]
#0 /Applications/MAMP/htdocs/flip2/vendor/illuminate/container/BoundMethod.php(36): App\\Http\\Controllers\\UserController->index()
#1 /Applications/MAMP/htdocs/flip2/vendor/illuminate/container/Util.php(40): Illuminate\\Container\\BoundMethod::Illuminate\\Container\\{closure}()
#2 /Applications/MAMP/htdocs/flip2/vendor/illuminate/container/BoundMethod.php(93): Illuminate\\Container\\Util::unwrapIfClosure(Object(Closure))
#3 /Applications/MAMP/htdocs/flip2/vendor/illuminate/container/BoundMethod.php(37): Illuminate\\Container\\BoundMethod::callBoundMethod(Object(Laravel\\Lumen\\Application), Array, Object(Closure))
#4 /Applications/MAMP/htdocs/flip2/vendor/illuminate/container/Container.php(653): Illuminate\\Container\\BoundMethod::call(Object(Laravel\\Lumen\\Application), Array, Array, NULL)
#5 /Applications/MAMP/htdocs/flip2/vendor/laravel/lumen-framework/src/Concerns/RoutesRequests.php(389): Illuminate\\Container\\Container->call(Array, Array)
#6 /Applications/MAMP/htdocs/flip2/vendor/laravel/lumen-framework/src/Concerns/RoutesRequests.php(355): Laravel\\Lumen\\Application->callControllerCallable(Array, Array)
#7 /Applications/MAMP/htdocs/flip2/vendor/laravel/lumen-framework/src/Concerns/RoutesRequests.php(329): Laravel\\Lumen\\Application->callLumenController(Object(App\\Http\\Controllers\\UserController), 'index', Array)
#8 /Applications/MAMP/htdocs/flip2/vendor/laravel/lumen-framework/src/Concerns/RoutesRequests.php(282): Laravel\\Lumen\\Application->callControllerAction(Array)
#9 /Applications/MAMP/htdocs/flip2/vendor/laravel/lumen-framework/src/Concerns/RoutesRequests.php(267): Laravel\\Lumen\\Application->callActionOnArrayBasedRoute(Array)
#10 /Applications/MAMP/htdocs/flip2/vendor/laravel/lumen-framework/src/Concerns/RoutesRequests.php(169): Laravel\\Lumen\\Application->handleFoundRoute(Array)
#11 /Applications/MAMP/htdocs/flip2/vendor/laravel/lumen-framework/src/Concerns/RoutesRequests.php(429): Laravel\\Lumen\\Application->Laravel\\Lumen\\Concerns\\{closure}(Object(Laravel\\Lumen\\Http\\Request))
#12 /Applications/MAMP/htdocs/flip2/vendor/laravel/lumen-framework/src/Concerns/RoutesRequests.php(175): Laravel\\Lumen\\Application->sendThroughPipeline(Array, Object(Closure))
#13 /Applications/MAMP/htdocs/flip2/vendor/laravel/lumen-framework/src/Concerns/RoutesRequests.php(112): Laravel\\Lumen\\Application->dispatch(NULL)
#14 /Applications/MAMP/htdocs/flip2/public/index.php(28): Laravel\\Lumen\\Application->run()
#15 {main}
"} 
[2022-02-01 12:18:53] local.ERROR: Class 'App\Http\Controllers\Post' not found {"exception":"[object] (Error(code: 0): Class 'App\\Http\\Controllers\\Post' not found at /Applications/MAMP/htdocs/flip2/app/Http/Controllers/UserController.php:11)
[stacktrace]
#0 /Applications/MAMP/htdocs/flip2/vendor/illuminate/container/BoundMethod.php(36): App\\Http\\Controllers\\UserController->index()
#1 /Applications/MAMP/htdocs/flip2/vendor/illuminate/container/Util.php(40): Illuminate\\Container\\BoundMethod::Illuminate\\Container\\{closure}()
#2 /Applications/MAMP/htdocs/flip2/vendor/illuminate/container/BoundMethod.php(93): Illuminate\\Container\\Util::unwrapIfClosure(Object(Closure))
#3 /Applications/MAMP/htdocs/flip2/vendor/illuminate/container/BoundMethod.php(37): Illuminate\\Container\\BoundMethod::callBoundMethod(Object(Laravel\\Lumen\\Application), Array, Object(Closure))
#4 /Applications/MAMP/htdocs/flip2/vendor/illuminate/container/Container.php(653): Illuminate\\Container\\BoundMethod::call(Object(Laravel\\Lumen\\Application), Array, Array, NULL)
#5 /Applications/MAMP/htdocs/flip2/vendor/laravel/lumen-framework/src/Concerns/RoutesRequests.php(389): Illuminate\\Container\\Container->call(Array, Array)
#6 /Applications/MAMP/htdocs/flip2/vendor/laravel/lumen-framework/src/Concerns/RoutesRequests.php(355): Laravel\\Lumen\\Application->callControllerCallable(Array, Array)
#7 /Applications/MAMP/htdocs/flip2/vendor/laravel/lumen-framework/src/Concerns/RoutesRequests.php(329): Laravel\\Lumen\\Application->callLumenController(Object(App\\Http\\Controllers\\UserController), 'index', Array)
#8 /Applications/MAMP/htdocs/flip2/vendor/laravel/lumen-framework/src/Concerns/RoutesRequests.php(282): Laravel\\Lumen\\Application->callControllerAction(Array)
#9 /Applications/MAMP/htdocs/flip2/vendor/laravel/lumen-framework/src/Concerns/RoutesRequests.php(267): Laravel\\Lumen\\Application->callActionOnArrayBasedRoute(Array)
#10 /Applications/MAMP/htdocs/flip2/vendor/laravel/lumen-framework/src/Concerns/RoutesRequests.php(169): Laravel\\Lumen\\Application->handleFoundRoute(Array)
#11 /Applications/MAMP/htdocs/flip2/vendor/laravel/lumen-framework/src/Concerns/RoutesRequests.php(429): Laravel\\Lumen\\Application->Laravel\\Lumen\\Concerns\\{closure}(Object(Laravel\\Lumen\\Http\\Request))
#12 /Applications/MAMP/htdocs/flip2/vendor/laravel/lumen-framework/src/Concerns/RoutesRequests.php(175): Laravel\\Lumen\\Application->sendThroughPipeline(Array, Object(Closure))
#13 /Applications/MAMP/htdocs/flip2/vendor/laravel/lumen-framework/src/Concerns/RoutesRequests.php(112): Laravel\\Lumen\\Application->dispatch(NULL)
#14 /Applications/MAMP/htdocs/flip2/public/index.php(28): Laravel\\Lumen\\Application->run()
#15 {main}
"} 
[2022-02-01 12:18:54] local.ERROR: Class 'App\Http\Controllers\Post' not found {"exception":"[object] (Error(code: 0): Class 'App\\Http\\Controllers\\Post' not found at /Applications/MAMP/htdocs/flip2/app/Http/Controllers/UserController.php:11)
[stacktrace]
#0 /Applications/MAMP/htdocs/flip2/vendor/illuminate/container/BoundMethod.php(36): App\\Http\\Controllers\\UserController->index()
#1 /Applications/MAMP/htdocs/flip2/vendor/illuminate/container/Util.php(40): Illuminate\\Container\\BoundMethod::Illuminate\\Container\\{closure}()
#2 /Applications/MAMP/htdocs/flip2/vendor/illuminate/container/BoundMethod.php(93): Illuminate\\Container\\Util::unwrapIfClosure(Object(Closure))
#3 /Applications/MAMP/htdocs/flip2/vendor/illuminate/container/BoundMethod.php(37): Illuminate\\Container\\BoundMethod::callBoundMethod(Object(Laravel\\Lumen\\Application), Array, Object(Closure))
#4 /Applications/MAMP/htdocs/flip2/vendor/illuminate/container/Container.php(653): Illuminate\\Container\\BoundMethod::call(Object(Laravel\\Lumen\\Application), Array, Array, NULL)
#5 /Applications/MAMP/htdocs/flip2/vendor/laravel/lumen-framework/src/Concerns/RoutesRequests.php(389): Illuminate\\Container\\Container->call(Array, Array)
#6 /Applications/MAMP/htdocs/flip2/vendor/laravel/lumen-framework/src/Concerns/RoutesRequests.php(355): Laravel\\Lumen\\Application->callControllerCallable(Array, Array)
#7 /Applications/MAMP/htdocs/flip2/vendor/laravel/lumen-framework/src/Concerns/RoutesRequests.php(329): Laravel\\Lumen\\Application->callLumenController(Object(App\\Http\\Controllers\\UserController), 'index', Array)
#8 /Applications/MAMP/htdocs/flip2/vendor/laravel/lumen-framework/src/Concerns/RoutesRequests.php(282): Laravel\\Lumen\\Application->callControllerAction(Array)
#9 /Applications/MAMP/htdocs/flip2/vendor/laravel/lumen-framework/src/Concerns/RoutesRequests.php(267): Laravel\\Lumen\\Application->callActionOnArrayBasedRoute(Array)
#10 /Applications/MAMP/htdocs/flip2/vendor/laravel/lumen-framework/src/Concerns/RoutesRequests.php(169): Laravel\\Lumen\\Application->handleFoundRoute(Array)
#11 /Applications/MAMP/htdocs/flip2/vendor/laravel/lumen-framework/src/Concerns/RoutesRequests.php(429): Laravel\\Lumen\\Application->Laravel\\Lumen\\Concerns\\{closure}(Object(Laravel\\Lumen\\Http\\Request))
#12 /Applications/MAMP/htdocs/flip2/vendor/laravel/lumen-framework/src/Concerns/RoutesRequests.php(175): Laravel\\Lumen\\Application->sendThroughPipeline(Array, Object(Closure))
#13 /Applications/MAMP/htdocs/flip2/vendor/laravel/lumen-framework/src/Concerns/RoutesRequests.php(112): Laravel\\Lumen\\Application->dispatch(NULL)
#14 /Applications/MAMP/htdocs/flip2/public/index.php(28): Laravel\\Lumen\\Application->run()
#15 {main}
"} 
[2022-02-01 12:21:38] local.ERROR: Call to a member function connection() on null {"exception":"[object] (Error(code: 0): Call to a member function connection() on null at /Applications/MAMP/htdocs/flip2/vendor/illuminate/database/Eloquent/Model.php:1653)
[stacktrace]
#0 /Applications/MAMP/htdocs/flip2/vendor/illuminate/database/Eloquent/Model.php(1619): Illuminate\\Database\\Eloquent\\Model::resolveConnection(NULL)
#1 /Applications/MAMP/htdocs/flip2/vendor/illuminate/database/Eloquent/Model.php(1425): Illuminate\\Database\\Eloquent\\Model->getConnection()
#2 /Applications/MAMP/htdocs/flip2/vendor/illuminate/database/Eloquent/Model.php(1342): Illuminate\\Database\\Eloquent\\Model->newBaseQueryBuilder()
#3 /Applications/MAMP/htdocs/flip2/vendor/illuminate/database/Eloquent/Model.php(1378): Illuminate\\Database\\Eloquent\\Model->newModelQuery()
#4 /Applications/MAMP/htdocs/flip2/vendor/illuminate/database/Eloquent/Model.php(1331): Illuminate\\Database\\Eloquent\\Model->newQueryWithoutScopes()
#5 /Applications/MAMP/htdocs/flip2/vendor/illuminate/database/Eloquent/Model.php(2132): Illuminate\\Database\\Eloquent\\Model->newQuery()
#6 /Applications/MAMP/htdocs/flip2/vendor/illuminate/database/Eloquent/Model.php(2144): Illuminate\\Database\\Eloquent\\Model->__call('OrderBy', Array)
#7 /Applications/MAMP/htdocs/flip2/app/Http/Controllers/UserController.php(11): Illuminate\\Database\\Eloquent\\Model::__callStatic('OrderBy', Array)
#8 /Applications/MAMP/htdocs/flip2/vendor/illuminate/container/BoundMethod.php(36): App\\Http\\Controllers\\UserController->index()
#9 /Applications/MAMP/htdocs/flip2/vendor/illuminate/container/Util.php(40): Illuminate\\Container\\BoundMethod::Illuminate\\Container\\{closure}()
#10 /Applications/MAMP/htdocs/flip2/vendor/illuminate/container/BoundMethod.php(93): Illuminate\\Container\\Util::unwrapIfClosure(Object(Closure))
#11 /Applications/MAMP/htdocs/flip2/vendor/illuminate/container/BoundMethod.php(37): Illuminate\\Container\\BoundMethod::callBoundMethod(Object(Laravel\\Lumen\\Application), Array, Object(Closure))
#12 /Applications/MAMP/htdocs/flip2/vendor/illuminate/container/Container.php(653): Illuminate\\Container\\BoundMethod::call(Object(Laravel\\Lumen\\Application), Array, Array, NULL)
#13 /Applications/MAMP/htdocs/flip2/vendor/laravel/lumen-framework/src/Concerns/RoutesRequests.php(389): Illuminate\\Container\\Container->call(Array, Array)
#14 /Applications/MAMP/htdocs/flip2/vendor/laravel/lumen-framework/src/Concerns/RoutesRequests.php(355): Laravel\\Lumen\\Application->callControllerCallable(Array, Array)
#15 /Applications/MAMP/htdocs/flip2/vendor/laravel/lumen-framework/src/Concerns/RoutesRequests.php(329): Laravel\\Lumen\\Application->callLumenController(Object(App\\Http\\Controllers\\UserController), 'index', Array)
#16 /Applications/MAMP/htdocs/flip2/vendor/laravel/lumen-framework/src/Concerns/RoutesRequests.php(282): Laravel\\Lumen\\Application->callControllerAction(Array)
#17 /Applications/MAMP/htdocs/flip2/vendor/laravel/lumen-framework/src/Concerns/RoutesRequests.php(267): Laravel\\Lumen\\Application->callActionOnArrayBasedRoute(Array)
#18 /Applications/MAMP/htdocs/flip2/vendor/laravel/lumen-framework/src/Concerns/RoutesRequests.php(169): Laravel\\Lumen\\Application->handleFoundRoute(Array)
#19 /Applications/MAMP/htdocs/flip2/vendor/laravel/lumen-framework/src/Concerns/RoutesRequests.php(429): Laravel\\Lumen\\Application->Laravel\\Lumen\\Concerns\\{closure}(Object(Laravel\\Lumen\\Http\\Request))
#20 /Applications/MAMP/htdocs/flip2/vendor/laravel/lumen-framework/src/Concerns/RoutesRequests.php(175): Laravel\\Lumen\\Application->sendThroughPipeline(Array, Object(Closure))
#21 /Applications/MAMP/htdocs/flip2/vendor/laravel/lumen-framework/src/Concerns/RoutesRequests.php(112): Laravel\\Lumen\\Application->dispatch(NULL)
#22 /Applications/MAMP/htdocs/flip2/public/index.php(28): Laravel\\Lumen\\Application->run()
#23 {main}
"} 
